

Version:	3.12
CmdLine:	C:\Users\parsa\IdeaProjects\nwHacks2021\out\artifacts\nwHacks2021_jar\QuenchQuest.exe --l4j-debug
WOW64:		yes
Working dir:	C:\Users\parsa\IdeaProjects\nwHacks2021\out\artifacts\nwHacks2021_jar\.
Java min ver:	1.004.000
Java max ver:	
64-bit search:	SOFTWARE\JavaSoft\Java Runtime Environment...
Check:		SOFTWARE\JavaSoft\Java Runtime Environment\1.8
Check launcher:	C:\Program Files\Java\jre1.8.0_271\bin\javaw.exe (OK)
Match:		1.008.000
Check:		SOFTWARE\JavaSoft\Java Runtime Environment\1.8.0_271
Check launcher:	C:\Program Files\Java\jre1.8.0_271\bin\javaw.exe (OK)
Match:		1.008.000_271
64-bit search:	SOFTWARE\JavaSoft\Java Development Kit...
64-bit search:	SOFTWARE\JavaSoft\JRE...
64-bit search:	SOFTWARE\JavaSoft\JDK...
Check:		SOFTWARE\JavaSoft\JDK\15.0.1
Check launcher:	C:\Program Files\Java\jdk-15.0.1\bin\javaw.exe (OK)
Match:		1.015.000_001
Runtime used:	1.015.000_001 (64-bit)
Launcher:	C:\Program Files\Java\jdk-15.0.1\bin\javaw.exe
Launcher args:	-jar "C:\Users\parsa\IdeaProjects\nwHacks2021\out\artifacts\nwHacks2021_jar\QuenchQuest.exe"
Args length:	92/32768 chars
Exit code:	0


Version:	3.12
CmdLine:	C:\Users\parsa\IdeaProjects\nwHacks2021\out\artifacts\nwHacks2021_jar\QuenchQuest.exe --l4j-debug
WOW64:		yes
Working dir:	C:\Users\parsa\IdeaProjects\nwHacks2021\out\artifacts\nwHacks2021_jar\.
Java min ver:	1.004.000
Java max ver:	
64-bit search:	SOFTWARE\JavaSoft\Java Runtime Environment...
Check:		SOFTWARE\JavaSoft\Java Runtime Environment\1.8
Check launcher:	C:\Program Files\Java\jre1.8.0_271\bin\javaw.exe (OK)
Match:		1.008.000
Check:		SOFTWARE\JavaSoft\Java Runtime Environment\1.8.0_271
Check launcher:	C:\Program Files\Java\jre1.8.0_271\bin\javaw.exe (OK)
Match:		1.008.000_271
64-bit search:	SOFTWARE\JavaSoft\Java Development Kit...
64-bit search:	SOFTWARE\JavaSoft\JRE...
64-bit search:	SOFTWARE\JavaSoft\JDK...
Check:		SOFTWARE\JavaSoft\JDK\15.0.1
Check launcher:	C:\Program Files\Java\jdk-15.0.1\bin\javaw.exe (OK)
Match:		1.015.000_001
Runtime used:	1.015.000_001 (64-bit)
Launcher:	C:\Program Files\Java\jdk-15.0.1\bin\javaw.exe
Launcher args:	-jar "C:\Users\parsa\IdeaProjects\nwHacks2021\out\artifacts\nwHacks2021_jar\QuenchQuest.exe"
Args length:	92/32768 chars
Exit code:	0
